<?xml version="1.0" encoding="UTF-8"?>
<coverage generated="1543010292308" clover="3.2.0">
  <project timestamp="1543010292309" name="All files">
    <metrics statements="2" coveredstatements="2" conditionals="1" coveredconditionals="1" methods="1" coveredmethods="1" elements="4" coveredelements="4" complexity="0" loc="2" ncloc="2" packages="1" files="1" classes="1">
      <file name="Layout.tsx" path="/Users/jchen/Dev/tenstep/www/components/Layout.tsx">
        <metrics statements="2" coveredstatements="2" conditionals="1" coveredconditionals="1" methods="1" coveredmethods="1"/>
        <line num="9" count="2" type="stmt"/>
        <line num="13" count="2" type="stmt"/>
      </file>
    </metrics>
  </project>
</coverage>
