{"/Users/jchen/Dev/tenstep/www/components/Layout.tsx": {"path":"/Users/jchen/Dev/tenstep/www/components/Layout.tsx","statementMap":{"0":{"start":{"line":9,"column":33},"end":{"line":33,"column":1}},"1":{"start":{"line":13,"column":2},"end":{"line":32,"column":8}}},"fnMap":{"0":{"name":"(anonymous_0)","decl":{"start":{"line":9,"column":33},"end":{"line":9,"column":34}},"loc":{"start":{"line":13,"column":2},"end":{"line":32,"column":8}},"line":13}},"branchMap":{"0":{"loc":{"start":{"line":11,"column":2},"end":{"line":11,"column":37}},"type":"default-arg","locations":[{"start":{"line":11,"column":10},"end":{"line":11,"column":37}}],"line":11}},"s":{"0":2,"1":2},"f":{"0":2},"b":{"0":[2]},"_coverageSchema":"332fd63041d2c1bcb487cc26dd0d5f7d97098a6c","hash":"4aea532392d165ba961542daa49f684c44de533c"}
}
