{"/Users/jchen/Dev/tenstep/www/components/Layout.tsx": {"path":"/Users/jchen/Dev/tenstep/www/components/Layout.tsx","statementMap":{"0":{"start":{"line":9,"column":33},"end":{"line":27,"column":1}},"1":{"start":{"line":10,"column":2},"end":{"line":26,"column":8}}},"fnMap":{"0":{"name":"(anonymous_0)","decl":{"start":{"line":9,"column":33},"end":{"line":9,"column":34}},"loc":{"start":{"line":10,"column":2},"end":{"line":26,"column":8}},"line":10}},"branchMap":{"0":{"loc":{"start":{"line":9,"column":46},"end":{"line":9,"column":81}},"type":"default-arg","locations":[{"start":{"line":9,"column":54},"end":{"line":9,"column":81}}],"line":9}},"s":{"0":1,"1":1},"f":{"0":1},"b":{"0":[1]},"_coverageSchema":"332fd63041d2c1bcb487cc26dd0d5f7d97098a6c","hash":"38f28ed3b7b2883001137436984fbf3c51b75eb0"}
}
